<?xml version="1.0" encoding="UTF-8"?>
<testng-results skipped="0" failed="0" ignored="0" total="1" passed="1">
  <reporter-output>
  </reporter-output>
  <suite name="Default suite" duration-ms="8163" started-at="2017-01-18T03:08:39Z" finished-at="2017-01-18T03:08:47Z">
    <groups>
    </groups>
    <test name="Default test" duration-ms="8163" started-at="2017-01-18T03:08:39Z" finished-at="2017-01-18T03:08:47Z">
      <class name="NewTest">
        <test-method status="PASS" signature="beforeMethod()[pri:0, instance:NewTest@1e88b3c]" name="beforeMethod" is-config="true" duration-ms="5738" started-at="2017-01-17T21:08:39Z" finished-at="2017-01-17T21:08:45Z">
          <reporter-output>
          </reporter-output>
        </test-method> <!-- beforeMethod -->
        <test-method status="PASS" signature="f()[pri:0, instance:NewTest@1e88b3c]" name="f" duration-ms="2266" started-at="2017-01-17T21:08:45Z" finished-at="2017-01-17T21:08:47Z">
          <reporter-output>
          </reporter-output>
        </test-method> <!-- f -->
        <test-method status="PASS" signature="afterMethod()[pri:0, instance:NewTest@1e88b3c]" name="afterMethod" is-config="true" duration-ms="130" started-at="2017-01-17T21:08:47Z" finished-at="2017-01-17T21:08:47Z">
          <reporter-output>
          </reporter-output>
        </test-method> <!-- afterMethod -->
      </class> <!-- NewTest -->
    </test> <!-- Default test -->
  </suite> <!-- Default suite -->
</testng-results>
